23:02:38.092 [main] INFO  api.test.UserTest - ************* Creating User *****************
23:02:41.187 [main] INFO  api.test.UserTest - ************* User is Created *****************
23:02:41.199 [main] INFO  api.test.UserTest - ************* Get User *****************
23:02:42.510 [main] INFO  api.test.UserTest - ************* User is displayed *****************
23:02:42.514 [main] INFO  api.test.UserTest - ************* Update User *****************
23:02:44.101 [main] INFO  api.test.UserTest - ************* User is updated *****************
23:02:44.101 [main] INFO  api.test.UserTest - ************* Get User after update *****************
23:02:45.436 [main] INFO  api.test.UserTest - ************* User is displayed after update *****************
23:02:45.440 [main] INFO  api.test.UserTest - ************* Delete User *****************
23:02:46.822 [main] INFO  api.test.UserTest - ************* User Deleted successfully *****************
23:02:46.838 [main] INFO  api.test.StoreTest - ************* Creating Store *****************
23:02:48.232 [main] INFO  api.test.StoreTest - ************* Store is created successfully *****************
23:02:48.239 [main] INFO  api.test.StoreTest - ************* Display Store *****************
23:02:49.588 [main] INFO  api.test.StoreTest - ************* Store is displayed *****************
23:02:49.596 [main] INFO  api.test.StoreTest - ************* Delete Store *****************
23:02:50.897 [main] INFO  api.test.StoreTest - ************* Store is deleted*****************
23:02:50.905 [main] INFO  api.test.PetTest - ************* Creating Pet *****************
23:02:52.394 [main] INFO  api.test.PetTest - ************* Pet is created successfully *****************
23:02:52.401 [main] INFO  api.test.PetTest - ************* Display Pet *****************
23:02:53.790 [main] INFO  api.test.PetTest - ************* Pet is displayed *****************
23:02:53.793 [main] INFO  api.test.PetTest - ************* Update Pet *****************
23:02:55.189 [main] INFO  api.test.PetTest - ************* Pet is updated *****************
23:02:55.189 [main] INFO  api.test.PetTest - ************* Get Pet after update *****************
23:02:56.997 [main] INFO  api.test.PetTest - ************* Pet is displayed after updated *****************
23:02:57.002 [main] INFO  api.test.PetTest - ************* Delete Pet *****************
23:02:58.309 [main] INFO  api.test.PetTest - ************* Pet is deleted *****************
23:04:33.682 [main] INFO  api.test.UserTest - ************* Creating User *****************
23:04:36.550 [main] INFO  api.test.UserTest - ************* User is Created *****************
23:04:36.561 [main] INFO  api.test.UserTest - ************* Get User *****************
23:04:38.100 [main] INFO  api.test.UserTest - ************* User is displayed *****************
23:04:38.104 [main] INFO  api.test.UserTest - ************* Update User *****************
23:04:39.402 [main] INFO  api.test.UserTest - ************* User is updated *****************
23:04:39.403 [main] INFO  api.test.UserTest - ************* Get User after update *****************
23:04:40.815 [main] INFO  api.test.UserTest - ************* User is displayed after update *****************
23:04:40.822 [main] INFO  api.test.UserTest - ************* Delete User *****************
23:04:42.279 [main] INFO  api.test.UserTest - ************* User Deleted successfully *****************
23:04:42.291 [main] INFO  api.test.StoreTest - ************* Creating Store *****************
23:04:43.670 [main] INFO  api.test.StoreTest - ************* Store is created successfully *****************
23:04:43.675 [main] INFO  api.test.StoreTest - ************* Display Store *****************
23:04:45.048 [main] INFO  api.test.StoreTest - ************* Store is displayed *****************
23:04:45.054 [main] INFO  api.test.StoreTest - ************* Delete Store *****************
23:04:46.632 [main] INFO  api.test.StoreTest - ************* Store is deleted*****************
23:04:46.644 [main] INFO  api.test.PetTest - ************* Creating Pet *****************
23:04:48.077 [main] INFO  api.test.PetTest - ************* Pet is created successfully *****************
23:04:48.083 [main] INFO  api.test.PetTest - ************* Display Pet *****************
23:04:49.517 [main] INFO  api.test.PetTest - ************* Pet is displayed *****************
23:04:49.522 [main] INFO  api.test.PetTest - ************* Update Pet *****************
23:04:50.777 [main] INFO  api.test.PetTest - ************* Pet is updated *****************
23:04:50.777 [main] INFO  api.test.PetTest - ************* Get Pet after update *****************
23:04:53.510 [main] INFO  api.test.PetTest - ************* Pet is displayed after updated *****************
23:04:53.513 [main] INFO  api.test.PetTest - ************* Delete Pet *****************
23:04:54.862 [main] INFO  api.test.PetTest - ************* Pet is deleted *****************
23:54:38.312 [main] INFO  api.test.UserTest - ************* Creating User *****************
23:54:41.363 [main] INFO  api.test.UserTest - ************* User is Created *****************
23:54:41.374 [main] INFO  api.test.UserTest - ************* Get User *****************
23:54:43.356 [main] INFO  api.test.UserTest - ************* User is displayed *****************
23:54:43.359 [main] INFO  api.test.UserTest - ************* Update User *****************
23:54:44.904 [main] INFO  api.test.UserTest - ************* User is updated *****************
23:54:44.904 [main] INFO  api.test.UserTest - ************* Get User after update *****************
23:54:46.107 [main] INFO  api.test.UserTest - ************* User is displayed after update *****************
23:54:46.114 [main] INFO  api.test.UserTest - ************* Delete User *****************
23:54:47.523 [main] INFO  api.test.UserTest - ************* User Deleted successfully *****************
23:54:47.533 [main] INFO  api.test.StoreTest - ************* Creating Store *****************
23:54:49.306 [main] INFO  api.test.StoreTest - ************* Store is created successfully *****************
23:54:49.315 [main] INFO  api.test.StoreTest - ************* Display Store *****************
23:54:51.014 [main] INFO  api.test.StoreTest - ************* Delete Store *****************
23:54:52.475 [main] INFO  api.test.PetTest - ************* Creating Pet *****************
23:54:55.244 [main] INFO  api.test.PetTest - ************* Pet is created successfully *****************
23:54:55.251 [main] INFO  api.test.PetTest - ************* Display Pet *****************
23:54:56.827 [main] INFO  api.test.PetTest - ************* Pet is displayed *****************
23:54:56.833 [main] INFO  api.test.PetTest - ************* Update Pet *****************
23:54:58.058 [main] INFO  api.test.PetTest - ************* Pet is updated *****************
23:54:58.058 [main] INFO  api.test.PetTest - ************* Get Pet after update *****************
23:54:59.908 [main] INFO  api.test.PetTest - ************* Pet is displayed after updated *****************
23:54:59.911 [main] INFO  api.test.PetTest - ************* Delete Pet *****************
23:55:01.836 [main] INFO  api.test.PetTest - ************* Pet is deleted *****************
23:56:57.631 [main] INFO  api.test.UserTest - ************* Creating User *****************
23:57:00.868 [main] INFO  api.test.UserTest - ************* User is Created *****************
23:57:00.878 [main] INFO  api.test.UserTest - ************* Get User *****************
23:57:02.428 [main] INFO  api.test.UserTest - ************* User is displayed *****************
23:57:02.431 [main] INFO  api.test.UserTest - ************* Update User *****************
23:57:03.826 [main] INFO  api.test.UserTest - ************* User is updated *****************
23:57:03.827 [main] INFO  api.test.UserTest - ************* Get User after update *****************
23:57:06.672 [main] INFO  api.test.UserTest - ************* User is displayed after update *****************
23:57:06.677 [main] INFO  api.test.UserTest - ************* Delete User *****************
23:57:08.135 [main] INFO  api.test.UserTest - ************* User Deleted successfully *****************
23:57:08.145 [main] INFO  api.test.StoreTest - ************* Creating Store *****************
23:57:09.596 [main] INFO  api.test.StoreTest - ************* Store is created successfully *****************
23:57:09.602 [main] INFO  api.test.StoreTest - ************* Display Store *****************
23:57:11.865 [main] INFO  api.test.StoreTest - ************* Store is displayed *****************
23:57:11.870 [main] INFO  api.test.StoreTest - ************* Delete Store *****************
23:57:13.333 [main] INFO  api.test.StoreTest - ************* Store is deleted*****************
23:57:13.345 [main] INFO  api.test.PetTest - ************* Creating Pet *****************
23:57:15.002 [main] INFO  api.test.PetTest - ************* Pet is created successfully *****************
23:57:15.008 [main] INFO  api.test.PetTest - ************* Display Pet *****************
23:57:16.560 [main] INFO  api.test.PetTest - ************* Pet is displayed *****************
23:57:16.566 [main] INFO  api.test.PetTest - ************* Update Pet *****************
23:57:18.360 [main] INFO  api.test.PetTest - ************* Pet is updated *****************
23:57:18.361 [main] INFO  api.test.PetTest - ************* Get Pet after update *****************
23:57:20.388 [main] INFO  api.test.PetTest - ************* Pet is displayed after updated *****************
23:57:20.391 [main] INFO  api.test.PetTest - ************* Delete Pet *****************
23:57:23.060 [main] INFO  api.test.PetTest - ************* Pet is deleted *****************
23:59:05.204 [main] INFO  api.test.UserTest - ************* Creating User *****************
23:59:09.402 [main] INFO  api.test.UserTest - ************* User is Created *****************
23:59:09.415 [main] INFO  api.test.UserTest - ************* Get User *****************
23:59:10.887 [main] INFO  api.test.UserTest - ************* User is displayed *****************
23:59:10.890 [main] INFO  api.test.UserTest - ************* Update User *****************
23:59:12.180 [main] INFO  api.test.UserTest - ************* User is updated *****************
23:59:12.180 [main] INFO  api.test.UserTest - ************* Get User after update *****************
23:59:14.695 [main] INFO  api.test.UserTest - ************* User is displayed after update *****************
23:59:14.701 [main] INFO  api.test.UserTest - ************* Delete User *****************
23:59:16.098 [main] INFO  api.test.UserTest - ************* User Deleted successfully *****************
23:59:16.105 [main] INFO  api.test.StoreTest - ************* Creating Store *****************
23:59:17.247 [main] INFO  api.test.StoreTest - ************* Store is created successfully *****************
23:59:17.252 [main] INFO  api.test.StoreTest - ************* Display Store *****************
23:59:18.625 [main] INFO  api.test.StoreTest - ************* Store is displayed *****************
23:59:18.630 [main] INFO  api.test.StoreTest - ************* Delete Store *****************
23:59:20.056 [main] INFO  api.test.StoreTest - ************* Store is deleted*****************
23:59:20.073 [main] INFO  api.test.PetTest - ************* Creating Pet *****************
23:59:21.380 [main] INFO  api.test.PetTest - ************* Pet is created successfully *****************
23:59:21.388 [main] INFO  api.test.PetTest - ************* Display Pet *****************
23:59:22.744 [main] INFO  api.test.PetTest - ************* Pet is displayed *****************
23:59:22.753 [main] INFO  api.test.PetTest - ************* Update Pet *****************
23:59:23.990 [main] INFO  api.test.PetTest - ************* Pet is updated *****************
23:59:23.991 [main] INFO  api.test.PetTest - ************* Get Pet after update *****************
23:59:25.735 [main] INFO  api.test.PetTest - ************* Pet is displayed after updated *****************
23:59:25.738 [main] INFO  api.test.PetTest - ************* Delete Pet *****************
23:59:26.980 [main] INFO  api.test.PetTest - ************* Pet is deleted *****************
00:00:51.920 [main] INFO  api.test.UserTest - ************* Creating User *****************
00:00:55.616 [main] INFO  api.test.UserTest - ************* User is Created *****************
00:00:55.633 [main] INFO  api.test.UserTest - ************* Get User *****************
00:00:56.921 [main] INFO  api.test.UserTest - ************* User is displayed *****************
00:00:56.925 [main] INFO  api.test.UserTest - ************* Update User *****************
00:00:58.129 [main] INFO  api.test.UserTest - ************* User is updated *****************
00:00:58.129 [main] INFO  api.test.UserTest - ************* Get User after update *****************
00:00:59.376 [main] INFO  api.test.UserTest - ************* User is displayed after update *****************
00:00:59.381 [main] INFO  api.test.UserTest - ************* Delete User *****************
00:01:00.569 [main] INFO  api.test.UserTest - ************* User Deleted successfully *****************
00:01:00.579 [main] INFO  api.test.StoreTest - ************* Creating Store *****************
00:01:01.721 [main] INFO  api.test.StoreTest - ************* Store is created successfully *****************
00:01:01.726 [main] INFO  api.test.StoreTest - ************* Display Store *****************
00:01:02.933 [main] INFO  api.test.StoreTest - ************* Store is displayed *****************
00:01:02.936 [main] INFO  api.test.StoreTest - ************* Delete Store *****************
00:01:04.111 [main] INFO  api.test.StoreTest - ************* Store is deleted*****************
00:01:04.119 [main] INFO  api.test.PetTest - ************* Creating Pet *****************
00:01:05.340 [main] INFO  api.test.PetTest - ************* Pet is created successfully *****************
00:01:05.347 [main] INFO  api.test.PetTest - ************* Display Pet *****************
00:01:06.607 [main] INFO  api.test.PetTest - ************* Pet is displayed *****************
00:01:06.613 [main] INFO  api.test.PetTest - ************* Update Pet *****************
00:01:07.829 [main] INFO  api.test.PetTest - ************* Pet is updated *****************
00:01:07.832 [main] INFO  api.test.PetTest - ************* Get Pet after update *****************
00:01:09.570 [main] INFO  api.test.PetTest - ************* Pet is displayed after updated *****************
00:01:09.573 [main] INFO  api.test.PetTest - ************* Delete Pet *****************
00:01:10.823 [main] INFO  api.test.PetTest - ************* Pet is deleted *****************
00:15:48.483 [main] INFO  api.test.UserTest - ************* Creating User *****************
00:15:51.243 [main] INFO  api.test.UserTest - ************* User is Created *****************
00:15:51.255 [main] INFO  api.test.UserTest - ************* Get User *****************
00:15:52.590 [main] INFO  api.test.UserTest - ************* User is displayed *****************
00:15:52.597 [main] INFO  api.test.UserTest - ************* Update User *****************
00:15:53.780 [main] INFO  api.test.UserTest - ************* User is updated *****************
00:15:53.780 [main] INFO  api.test.UserTest - ************* Get User after update *****************
00:15:54.994 [main] INFO  api.test.UserTest - ************* User is displayed after update *****************
00:15:55.001 [main] INFO  api.test.UserTest - ************* Delete User *****************
00:15:56.206 [main] INFO  api.test.UserTest - ************* User Deleted successfully *****************
00:15:56.218 [main] INFO  api.test.StoreTest - ************* Creating Store *****************
00:15:57.705 [main] INFO  api.test.StoreTest - ************* Store is created successfully *****************
00:15:57.712 [main] INFO  api.test.StoreTest - ************* Display Store *****************
00:15:58.995 [main] INFO  api.test.StoreTest - ************* Store is displayed *****************
00:15:59.003 [main] INFO  api.test.StoreTest - ************* Delete Store *****************
00:16:00.186 [main] INFO  api.test.StoreTest - ************* Store is deleted*****************
00:16:00.197 [main] INFO  api.test.PetTest - ************* Creating Pet *****************
00:16:01.414 [main] INFO  api.test.PetTest - ************* Pet is created successfully *****************
00:16:01.420 [main] INFO  api.test.PetTest - ************* Display Pet *****************
00:16:02.647 [main] INFO  api.test.PetTest - ************* Pet is displayed *****************
00:16:02.655 [main] INFO  api.test.PetTest - ************* Update Pet *****************
00:16:03.867 [main] INFO  api.test.PetTest - ************* Pet is updated *****************
00:16:03.868 [main] INFO  api.test.PetTest - ************* Get Pet after update *****************
00:16:05.407 [main] INFO  api.test.PetTest - ************* Pet is displayed after updated *****************
00:16:05.409 [main] INFO  api.test.PetTest - ************* Delete Pet *****************
00:16:06.640 [main] INFO  api.test.PetTest - ************* Pet is deleted *****************
00:18:35.933 [main] INFO  api.test.UserTest - ************* Creating User *****************
00:18:38.921 [main] INFO  api.test.UserTest - ************* User is Created *****************
00:18:38.933 [main] INFO  api.test.UserTest - ************* Get User *****************
00:18:40.195 [main] INFO  api.test.UserTest - ************* User is displayed *****************
00:18:40.200 [main] INFO  api.test.UserTest - ************* Update User *****************
00:18:41.363 [main] INFO  api.test.UserTest - ************* User is updated *****************
00:18:41.363 [main] INFO  api.test.UserTest - ************* Get User after update *****************
00:18:42.571 [main] INFO  api.test.UserTest - ************* User is displayed after update *****************
00:18:42.575 [main] INFO  api.test.UserTest - ************* Delete User *****************
00:18:43.710 [main] INFO  api.test.UserTest - ************* User Deleted successfully *****************
00:18:43.717 [main] INFO  api.test.StoreTest - ************* Creating Store *****************
00:18:44.844 [main] INFO  api.test.StoreTest - ************* Store is created successfully *****************
00:18:44.848 [main] INFO  api.test.StoreTest - ************* Display Store *****************
00:18:46.039 [main] INFO  api.test.StoreTest - ************* Store is displayed *****************
00:18:46.043 [main] INFO  api.test.StoreTest - ************* Delete Store *****************
00:18:47.261 [main] INFO  api.test.StoreTest - ************* Store is deleted*****************
00:18:47.268 [main] INFO  api.test.PetTest - ************* Creating Pet *****************
00:18:48.443 [main] INFO  api.test.PetTest - ************* Pet is created successfully *****************
00:18:48.447 [main] INFO  api.test.PetTest - ************* Display Pet *****************
00:18:50.270 [main] INFO  api.test.PetTest - ************* Pet is displayed *****************
00:18:50.277 [main] INFO  api.test.PetTest - ************* Update Pet *****************
00:18:51.475 [main] INFO  api.test.PetTest - ************* Pet is updated *****************
00:18:51.475 [main] INFO  api.test.PetTest - ************* Get Pet after update *****************
00:18:53.039 [main] INFO  api.test.PetTest - ************* Pet is displayed after updated *****************
00:18:53.042 [main] INFO  api.test.PetTest - ************* Delete Pet *****************
00:18:54.286 [main] INFO  api.test.PetTest - ************* Pet is deleted *****************
00:40:22.934 [main] INFO  api.test.PetTest - ************* Creating Pet *****************
00:40:25.701 [main] INFO  api.test.PetTest - ************* Pet is created successfully *****************
00:40:25.704 [main] INFO  api.test.PetTest - ************* Display Pet *****************
00:40:26.893 [main] INFO  api.test.PetTest - ************* Pet is displayed *****************
00:40:26.895 [main] INFO  api.test.PetTest - ************* Update Pet *****************
00:40:28.179 [main] INFO  api.test.PetTest - ************* Pet is updated *****************
00:40:28.180 [main] INFO  api.test.PetTest - ************* Get Pet after update *****************
00:40:29.682 [main] INFO  api.test.PetTest - ************* Pet is displayed after updated *****************
00:40:29.684 [main] INFO  api.test.PetTest - ************* Delete Pet *****************
00:40:30.956 [main] INFO  api.test.PetTest - ************* Pet is deleted *****************
00:40:30.981 [main] INFO  api.test.StoreTest - ************* Creating Store *****************
00:40:32.241 [main] INFO  api.test.StoreTest - ************* Store is created successfully *****************
00:40:32.243 [main] INFO  api.test.StoreTest - ************* Display Store *****************
00:40:33.422 [main] INFO  api.test.StoreTest - ************* Store is displayed *****************
00:40:33.424 [main] INFO  api.test.StoreTest - ************* Delete Store *****************
00:40:34.596 [main] INFO  api.test.StoreTest - ************* Store is deleted*****************
00:40:34.700 [main] INFO  api.test.UserTest - ************* Creating User *****************
00:40:35.960 [main] INFO  api.test.UserTest - ************* User is Created *****************
00:40:35.962 [main] INFO  api.test.UserTest - ************* Get User *****************
00:40:37.097 [main] INFO  api.test.UserTest - ************* User is displayed *****************
00:40:37.099 [main] INFO  api.test.UserTest - ************* Update User *****************
00:40:38.307 [main] INFO  api.test.UserTest - ************* User is updated *****************
00:40:38.307 [main] INFO  api.test.UserTest - ************* Get User after update *****************
00:40:39.488 [main] INFO  api.test.UserTest - ************* User is displayed after update *****************
00:40:39.489 [main] INFO  api.test.UserTest - ************* Delete User *****************
00:40:41.073 [main] INFO  api.test.UserTest - ************* User Deleted successfully *****************
00:44:02.248 [main] INFO  api.test.UserTest - ************* Creating User *****************
00:44:05.291 [main] INFO  api.test.UserTest - ************* User is Created *****************
00:44:05.299 [main] INFO  api.test.UserTest - ************* Get User *****************
00:44:06.546 [main] INFO  api.test.UserTest - ************* User is displayed *****************
00:44:06.547 [main] INFO  api.test.UserTest - ************* Update User *****************
00:44:07.726 [main] INFO  api.test.UserTest - ************* User is updated *****************
00:44:07.726 [main] INFO  api.test.UserTest - ************* Get User after update *****************
00:44:08.934 [main] INFO  api.test.UserTest - ************* User is displayed after update *****************
00:44:08.935 [main] INFO  api.test.UserTest - ************* Delete User *****************
00:44:10.178 [main] INFO  api.test.UserTest - ************* User Deleted successfully *****************
00:44:10.183 [main] INFO  api.test.StoreTest - ************* Creating Store *****************
00:44:11.305 [main] INFO  api.test.StoreTest - ************* Store is created successfully *****************
00:44:11.306 [main] INFO  api.test.StoreTest - ************* Display Store *****************
00:44:12.493 [main] INFO  api.test.StoreTest - ************* Store is displayed *****************
00:44:12.495 [main] INFO  api.test.StoreTest - ************* Delete Store *****************
00:44:13.761 [main] INFO  api.test.StoreTest - ************* Store is deleted*****************
00:44:13.769 [main] INFO  api.test.PetTest - ************* Creating Pet *****************
00:44:15.008 [main] INFO  api.test.PetTest - ************* Pet is created successfully *****************
00:44:15.010 [main] INFO  api.test.PetTest - ************* Display Pet *****************
00:44:16.178 [main] INFO  api.test.PetTest - ************* Pet is displayed *****************
00:44:16.179 [main] INFO  api.test.PetTest - ************* Update Pet *****************
00:44:17.407 [main] INFO  api.test.PetTest - ************* Pet is updated *****************
00:44:17.407 [main] INFO  api.test.PetTest - ************* Get Pet after update *****************
00:44:18.902 [main] INFO  api.test.PetTest - ************* Pet is displayed after updated *****************
00:44:18.904 [main] INFO  api.test.PetTest - ************* Delete Pet *****************
00:44:20.069 [main] INFO  api.test.PetTest - ************* Pet is deleted *****************
